#
# There is insufficient memory for the Java Runtime Environment to continue.
# Native memory allocation (malloc) failed to allocate 1048576 bytes for AllocateHeap
# Possible reasons:
#   The system is out of physical RAM or swap space
#   In 32 bit mode, the process size limit was hit
# Possible solutions:
#   Reduce memory load on the system
#   Increase physical memory or swap space
#   Check if swap backing store is full
#   Use 64 bit Java on a 64 bit OS
#   Decrease Java heap size (-Xmx/-Xms)
#   Decrease number of Java threads
#   Decrease Java thread stack sizes (-Xss)
#   Set larger code cache with -XX:ReservedCodeCacheSize=
# This output file may be truncated or incomplete.
#
#  Out of Memory Error (memory/allocation.inline.hpp:62), pid=14652, tid=28856
#
# JRE version:  (8.0_25-b18) (build )
# Java VM: Java HotSpot(TM) 64-Bit Server VM (25.25-b02 mixed mode windows-amd64 compressed oops)
# Failed to write core dump. Minidumps are not enabled by default on client versions of Windows
#

---------------  T H R E A D  ---------------

Current thread (0x0000000002e81000):  JavaThread "Unknown thread" [_thread_in_vm, id=28856, stack(0x00000000029e0000,0x0000000002ae0000)]

Stack: [0x00000000029e0000,0x0000000002ae0000]
Native frames: (J=compiled Java code, j=interpreted, Vv=VM code, C=native code)
V  [jvm.dll+0x31667a]


---------------  P R O C E S S  ---------------

Java Threads: ( => current thread )

Other Threads:

=>0x0000000002e81000 (exited) JavaThread "Unknown thread" [_thread_in_vm, id=28856, stack(0x00000000029e0000,0x0000000002ae0000)]

VM state:not at safepoint (normal execution)

VM Mutex/Monitor currently owned by a thread: None

Heap:
 PSYoungGen      total 18944K, used 327K [0x00000000eab00000, 0x00000000ec000000, 0x0000000100000000)
  eden space 16384K, 2% used [0x00000000eab00000,0x00000000eab51ec8,0x00000000ebb00000)
  from space 2560K, 0% used [0x00000000ebd80000,0x00000000ebd80000,0x00000000ec000000)
  to   space 2560K, 0% used [0x00000000ebb00000,0x00000000ebb00000,0x00000000ebd80000)
 ParOldGen       total 44032K, used 0K [0x00000000c0000000, 0x00000000c2b00000, 0x00000000eab00000)
  object space 44032K, 0% used [0x00000000c0000000,0x00000000c0000000,0x00000000c2b00000)
 Metaspace       used 674K, capacity 4480K, committed 4480K, reserved 1056768K
  class space    used 66K, capacity 384K, committed 384K, reserved 1048576K

Card table byte_map: [0x0000000012340000,0x0000000012550000] byte_map_base: 0x0000000011d40000

Marking Bits: (ParMarkBitMap*) 0x0000000072f1d490
 Begin Bits: [0x0000000012ab0000, 0x0000000013ab0000)
 End Bits:   [0x0000000013ab0000, 0x0000000014ab0000)

Polling page: 0x0000000002ae0000

CodeCache: size=245760Kb used=327Kb max_used=327Kb free=245432Kb
 bounds [0x0000000002f80000, 0x00000000031f0000, 0x0000000011f80000]
 total_blobs=56 nmethods=0 adapters=37
 compilation: enabled

Compilation events (0 events):
No events

GC Heap History (0 events):
No events

Deoptimization events (0 events):
No events

Internal exceptions (0 events):
No events

Events (10 events):
Event: 0.232 loading class java/lang/Short
Event: 0.232 loading class java/lang/Short done
Event: 0.232 loading class java/lang/Integer
Event: 0.232 loading class java/lang/Integer done
Event: 0.232 loading class java/lang/Long
Event: 0.232 loading class java/lang/Long done
Event: 0.233 loading class java/lang/NullPointerException
Event: 0.233 loading class java/lang/NullPointerException done
Event: 0.233 loading class java/lang/ArithmeticException
Event: 0.234 loading class java/lang/ArithmeticException done


Dynamic libraries:
0x00007ff72ac70000 - 0x00007ff72aca4000 	C:\Program Files\Java\jdk1.8.0_25\bin\java.exe
0x00007fffdb3b0000 - 0x00007fffdb55c000 	C:\Windows\SYSTEM32\ntdll.dll
0x00007fffdaed0000 - 0x00007fffdb00e000 	C:\Windows\system32\KERNEL32.DLL
0x00007fffd85d0000 - 0x00007fffd86e5000 	C:\Windows\system32\KERNELBASE.dll
0x00007fffd70a0000 - 0x00007fffd712e000 	C:\Windows\system32\apphelp.dll
0x00007fffc20e0000 - 0x00007fffc2133000 	C:\Windows\AppPatch\AppPatch64\AcGenral.DLL
0x00007fffd9350000 - 0x00007fffd93fa000 	C:\Windows\system32\msvcrt.dll
0x00007fffd83a0000 - 0x00007fffd83ce000 	C:\Windows\SYSTEM32\SspiCli.dll
0x00007fffdb020000 - 0x00007fffdb074000 	C:\Windows\system32\SHLWAPI.dll
0x00007fffdb080000 - 0x00007fffdb1f7000 	C:\Windows\system32\USER32.dll
0x00007fffd8a30000 - 0x00007fffd8bc4000 	C:\Windows\system32\ole32.dll
0x00007fffd96e0000 - 0x00007fffdabf9000 	C:\Windows\system32\SHELL32.dll
0x00007fffd7ad0000 - 0x00007fffd7af1000 	C:\Windows\SYSTEM32\USERENV.dll
0x00007fffd9260000 - 0x00007fffd930a000 	C:\Windows\system32\ADVAPI32.dll
0x00007fffc77a0000 - 0x00007fffc77be000 	C:\Windows\SYSTEM32\MPR.dll
0x00007fffdac60000 - 0x00007fffdada1000 	C:\Windows\system32\RPCRT4.dll
0x00007fffdac00000 - 0x00007fffdac59000 	C:\Windows\SYSTEM32\sechost.dll
0x00007fffd94c0000 - 0x00007fffd96d1000 	C:\Windows\SYSTEM32\combase.dll
0x00007fffd8bd0000 - 0x00007fffd8d21000 	C:\Windows\system32\GDI32.dll
0x00007fffd8500000 - 0x00007fffd8515000 	C:\Windows\SYSTEM32\profapi.dll
0x00007fffd68c0000 - 0x00007fffd6972000 	C:\Windows\SYSTEM32\SHCORE.dll
0x00007fffd9310000 - 0x00007fffd9346000 	C:\Windows\system32\IMM32.DLL
0x00007fffd8f80000 - 0x00007fffd90d3000 	C:\Windows\system32\MSCTF.dll
0x00007fffd5d10000 - 0x00007fffd5f8b000 	C:\Windows\WinSxS\amd64_microsoft.windows.common-controls_6595b64144ccf1df_6.0.9600.17415_none_6240486fecbd8abb\COMCTL32.dll
0x00000000722c0000 - 0x0000000072392000 	C:\Program Files\Java\jdk1.8.0_25\jre\bin\msvcr100.dll
0x0000000072740000 - 0x0000000072f9a000 	C:\Program Files\Java\jdk1.8.0_25\jre\bin\server\jvm.dll
0x00007fffcf810000 - 0x00007fffcf819000 	C:\Windows\SYSTEM32\WSOCK32.dll
0x00007fffd36c0000 - 0x00007fffd36e2000 	C:\Windows\SYSTEM32\WINMM.dll
0x00007fffdb010000 - 0x00007fffdb017000 	C:\Windows\system32\PSAPI.DLL
0x00007fffd8d40000 - 0x00007fffd8d9a000 	C:\Windows\system32\WS2_32.dll
0x00007fffd3690000 - 0x00007fffd36ba000 	C:\Windows\SYSTEM32\WINMMBASE.dll
0x00007fffd9220000 - 0x00007fffd9229000 	C:\Windows\system32\NSI.dll
0x00007fffd86f0000 - 0x00007fffd873f000 	C:\Windows\SYSTEM32\cfgmgr32.dll
0x00007fffd72f0000 - 0x00007fffd7318000 	C:\Windows\SYSTEM32\DEVOBJ.dll
0x0000000072730000 - 0x000000007273f000 	C:\Program Files\Java\jdk1.8.0_25\jre\bin\verify.dll
0x0000000072700000 - 0x0000000072728000 	C:\Program Files\Java\jdk1.8.0_25\jre\bin\java.dll
0x00000000726e0000 - 0x00000000726f6000 	C:\Program Files\Java\jdk1.8.0_25\jre\bin\zip.dll
0x00007fffc8120000 - 0x00007fffc82aa000 	C:\Windows\SYSTEM32\dbghelp.dll

VM Arguments:
jvm_args: -Xmx1024M -Dfile.encoding=UTF-8 -Duser.country=KR -Duser.language=ko -Duser.variant 
java_command: com.android.dx.command.Main --dex --output C:\Android\project\GroupManager\app\build\intermediates\pre-dexed\debug\internal_impl-22.2.0-7da13b4791d1113f2329b7e04c20d60e5877f49b.jar C:\Android\project\GroupManager\app\build\intermediates\exploded-aar\com.android.support\support-v4\22.2.0\jars\libs\internal_impl-22.2.0.jar
java_class_path (initial): C:\Android\android-sdk\build-tools\22.0.1\lib\dx.jar
Launcher Type: SUN_STANDARD

Environment Variables:
JAVA_HOME=C:\Program Files\Java\jdk1.8.0_25
CLASSPATH=.;C:\Program Files\Java\jdk1.8.0_25\bin;
PATH=.;C:\ProgramData\Oracle\Java\javapath;C:\Program Files\Java\jdk1.8.0_25\bin;C:\Program Files (x86)\Common Files\Adobe\AGL;C:\windows\system32;C:\Android\android-sdk\platform-tools;C:\Program Files (x86)\MySQL\MySQL Server 5.6\bin;C:\Program Files\Intel\WiFi\bin\;C:\Program Files\Common Files\Intel\WirelessCommon\
USERNAME=Kim
OS=Windows_NT
PROCESSOR_IDENTIFIER=Intel64 Family 6 Model 69 Stepping 1, GenuineIntel



---------------  S Y S T E M  ---------------

OS: Windows 8.1 , 64 bit Build 9600 

CPU:total 4 (2 cores per cpu, 2 threads per core) family 6 model 69 stepping 1, cmov, cx8, fxsr, mmx, sse, sse2, sse3, ssse3, sse4.1, sse4.2, popcnt, avx, avx2, aes, clmul, erms, lzcnt, ht, tsc, tscinvbit, bmi1, bmi2

Memory: 4k page, physical 4099872k(228352k free), swap 16682784k(3696k free)

vm_info: Java HotSpot(TM) 64-Bit Server VM (25.25-b02) for windows-amd64 JRE (1.8.0_25-b18), built on Oct  7 2014 14:25:37 by "java_re" with MS VC++ 10.0 (VS2010)

time: Wed Dec 23 00:42:01 2015
elapsed time: 0 seconds (0d 0h 0m 0s)

