#
# There is insufficient memory for the Java Runtime Environment to continue.
# Native memory allocation (malloc) failed to allocate 123408 bytes for Chunk::new
# Possible reasons:
#   The system is out of physical RAM or swap space
#   In 32 bit mode, the process size limit was hit
# Possible solutions:
#   Reduce memory load on the system
#   Increase physical memory or swap space
#   Check if swap backing store is full
#   Use 64 bit Java on a 64 bit OS
#   Decrease Java heap size (-Xmx/-Xms)
#   Decrease number of Java threads
#   Decrease Java thread stack sizes (-Xss)
#   Set larger code cache with -XX:ReservedCodeCacheSize=
# This output file may be truncated or incomplete.
#
#  Out of Memory Error (allocation.cpp:390), pid=17036, tid=15144
#
# JRE version: Java(TM) SE Runtime Environment (8.0_25-b18) (build 1.8.0_25-b18)
# Java VM: Java HotSpot(TM) 64-Bit Server VM (25.25-b02 mixed mode windows-amd64 compressed oops)
# Failed to write core dump. Minidumps are not enabled by default on client versions of Windows
#

---------------  T H R E A D  ---------------

Current thread (0x0000000016ca3800):  JavaThread "C2 CompilerThread1" daemon [_thread_in_native, id=15144, stack(0x0000000017070000,0x0000000017170000)]

Stack: [0x0000000017070000,0x0000000017170000]
Native frames: (J=compiled Java code, j=interpreted, Vv=VM code, C=native code)
V  [jvm.dll+0x31667a]


Current CompileTask:
C2:  31721 2289 %     4       com.android.dx.dex.code.OutputFinisher::calculateReservedCount @ 16 (122 bytes)


---------------  P R O C E S S  ---------------

Java Threads: ( => current thread )
  0x0000000016cc7000 JavaThread "Service Thread" daemon [_thread_blocked, id=5824, stack(0x0000000017270000,0x0000000017370000)]
  0x0000000016ca9800 JavaThread "C1 CompilerThread2" daemon [_thread_blocked, id=28884, stack(0x0000000017170000,0x0000000017270000)]
=>0x0000000016ca3800 JavaThread "C2 CompilerThread1" daemon [_thread_in_native, id=15144, stack(0x0000000017070000,0x0000000017170000)]
  0x0000000015649000 JavaThread "C2 CompilerThread0" daemon [_thread_in_native, id=28660, stack(0x0000000016b70000,0x0000000016c70000)]
  0x00000000155fd000 JavaThread "Attach Listener" daemon [_thread_blocked, id=31340, stack(0x0000000016a70000,0x0000000016b70000)]
  0x00000000155e7000 JavaThread "Signal Dispatcher" daemon [_thread_blocked, id=39816, stack(0x0000000016970000,0x0000000016a70000)]
  0x0000000002ea0800 JavaThread "Finalizer" daemon [_thread_blocked, id=20780, stack(0x0000000016870000,0x0000000016970000)]
  0x0000000002e9d000 JavaThread "Reference Handler" daemon [_thread_blocked, id=5080, stack(0x0000000016770000,0x0000000016870000)]
  0x0000000002db1000 JavaThread "main" [_thread_in_Java, id=25760, stack(0x0000000002990000,0x0000000002a90000)]

Other Threads:
  0x00000000155b6000 VMThread [stack: 0x0000000016670000,0x0000000016770000] [id=26344]
  0x0000000016cc9800 WatcherThread [stack: 0x0000000017370000,0x0000000017470000] [id=35864]

VM state:not at safepoint (normal execution)

VM Mutex/Monitor currently owned by a thread: None

Heap:
 PSYoungGen      total 141824K, used 86936K [0x00000000eab00000, 0x00000000f4a00000, 0x0000000100000000)
  eden space 128512K, 57% used [0x00000000eab00000,0x00000000ef3040a0,0x00000000f2880000)
  from space 13312K, 99% used [0x00000000f3800000,0x00000000f44e20f0,0x00000000f4500000)
  to   space 15872K, 0% used [0x00000000f2880000,0x00000000f2880000,0x00000000f3800000)
 ParOldGen       total 44032K, used 25084K [0x00000000c0000000, 0x00000000c2b00000, 0x00000000eab00000)
  object space 44032K, 56% used [0x00000000c0000000,0x00000000c187f060,0x00000000c2b00000)
 Metaspace       used 6403K, capacity 7408K, committed 7552K, reserved 1056768K
  class space    used 598K, capacity 616K, committed 640K, reserved 1048576K

Card table byte_map: [0x00000000122e0000,0x00000000124f0000] byte_map_base: 0x0000000011ce0000

Marking Bits: (ParMarkBitMap*) 0x0000000072f1d490
 Begin Bits: [0x0000000012a50000, 0x0000000013a50000)
 End Bits:   [0x0000000013a50000, 0x0000000014a50000)

Polling page: 0x00000000011e0000

CodeCache: size=245760Kb used=8797Kb max_used=9910Kb free=236962Kb
 bounds [0x0000000002f20000, 0x00000000038f0000, 0x0000000011f20000]
 total_blobs=2210 nmethods=1948 adapters=176
 compilation: enabled

Compilation events (10 events):
Event: 31.685 Thread 0x0000000015649000 nmethod 2287% 0x00000000035cb950 code [0x00000000035cbb40, 0x00000000035cc1a0]
Event: 31.687 Thread 0x0000000016ca9800 2288       1       com.android.dx.dex.code.form.Form11x::codeSize (2 bytes)
Event: 31.687 Thread 0x0000000016ca9800 nmethod 2288 0x00000000035cb610 code [0x00000000035cb760, 0x00000000035cb870]
Event: 31.688 Thread 0x0000000016ca3800 2289 %     4       com.android.dx.dex.code.OutputFinisher::calculateReservedCount @ 16 (122 bytes)
Event: 31.689 Thread 0x0000000016ca9800 2290       1       com.android.dx.rop.cst.CstLiteral32::fitsInInt (2 bytes)
Event: 31.689 Thread 0x0000000016ca9800 nmethod 2290 0x00000000035cd010 code [0x00000000035cd160, 0x00000000035cd270]
Event: 31.699 Thread 0x0000000015649000 2291       4       com.android.dx.dex.code.CstInsn::setIndex (37 bytes)
Event: 31.700 Thread 0x0000000015649000 nmethod 2291 0x000000000313f250 code [0x000000000313f380, 0x000000000313f418]
Event: 31.700 Thread 0x0000000015649000 2292       4       com.android.dx.dex.code.OutputFinisher::align64bits (247 bytes)
Event: 31.704 Thread 0x0000000016ca9800 2294       3       com.android.dx.dex.code.form.Form12x::isCompatible (119 bytes)

GC Heap History (10 events):
Event: 5.009 GC heap before
{Heap before GC invocations=2 (full 0):
 PSYoungGen      total 18944K, used 18928K [0x00000000eab00000, 0x00000000ed000000, 0x0000000100000000)
  eden space 16384K, 100% used [0x00000000eab00000,0x00000000ebb00000,0x00000000ebb00000)
  from space 2560K, 99% used [0x00000000ebb00000,0x00000000ebd7c298,0x00000000ebd80000)
  to   space 2560K, 0% used [0x00000000ecd80000,0x00000000ecd80000,0x00000000ed000000)
 ParOldGen       total 44032K, used 1838K [0x00000000c0000000, 0x00000000c2b00000, 0x00000000eab00000)
  object space 44032K, 4% used [0x00000000c0000000,0x00000000c01cb9a8,0x00000000c2b00000)
 Metaspace       used 5775K, capacity 6960K, committed 7040K, reserved 1056768K
  class space    used 555K, capacity 616K, committed 640K, reserved 1048576K
Event: 5.817 GC heap after
Heap after GC invocations=2 (full 0):
 PSYoungGen      total 35328K, used 2541K [0x00000000eab00000, 0x00000000ed000000, 0x0000000100000000)
  eden space 32768K, 0% used [0x00000000eab00000,0x00000000eab00000,0x00000000ecb00000)
  from space 2560K, 99% used [0x00000000ecd80000,0x00000000ecffb558,0x00000000ed000000)
  to   space 2560K, 0% used [0x00000000ecb00000,0x00000000ecb00000,0x00000000ecd80000)
 ParOldGen       total 44032K, used 4194K [0x00000000c0000000, 0x00000000c2b00000, 0x00000000eab00000)
  object space 44032K, 9% used [0x00000000c0000000,0x00000000c0418a78,0x00000000c2b00000)
 Metaspace       used 5775K, capacity 6960K, committed 7040K, reserved 1056768K
  class space    used 555K, capacity 616K, committed 640K, reserved 1048576K
}
Event: 12.640 GC heap before
{Heap before GC invocations=3 (full 0):
 PSYoungGen      total 35328K, used 35309K [0x00000000eab00000, 0x00000000ed000000, 0x0000000100000000)
  eden space 32768K, 100% used [0x00000000eab00000,0x00000000ecb00000,0x00000000ecb00000)
  from space 2560K, 99% used [0x00000000ecd80000,0x00000000ecffb558,0x00000000ed000000)
  to   space 2560K, 0% used [0x00000000ecb00000,0x00000000ecb00000,0x00000000ecd80000)
 ParOldGen       total 44032K, used 4194K [0x00000000c0000000, 0x00000000c2b00000, 0x00000000eab00000)
  object space 44032K, 9% used [0x00000000c0000000,0x00000000c0418a78,0x00000000c2b00000)
 Metaspace       used 5894K, capacity 7088K, committed 7296K, reserved 1056768K
  class space    used 560K, capacity 616K, committed 640K, reserved 1048576K
Event: 12.938 GC heap after
Heap after GC invocations=3 (full 0):
 PSYoungGen      total 35328K, used 2541K [0x00000000eab00000, 0x00000000ef000000, 0x0000000100000000)
  eden space 32768K, 0% used [0x00000000eab00000,0x00000000eab00000,0x00000000ecb00000)
  from space 2560K, 99% used [0x00000000ecb00000,0x00000000ecd7b540,0x00000000ecd80000)
  to   space 2560K, 0% used [0x00000000eed80000,0x00000000eed80000,0x00000000ef000000)
 ParOldGen       total 44032K, used 9632K [0x00000000c0000000, 0x00000000c2b00000, 0x00000000eab00000)
  object space 44032K, 21% used [0x00000000c0000000,0x00000000c0968098,0x00000000c2b00000)
 Metaspace       used 5894K, capacity 7088K, committed 7296K, reserved 1056768K
  class space    used 560K, capacity 616K, committed 640K, reserved 1048576K
}
Event: 17.315 GC heap before
{Heap before GC invocations=4 (full 0):
 PSYoungGen      total 35328K, used 35309K [0x00000000eab00000, 0x00000000ef000000, 0x0000000100000000)
  eden space 32768K, 100% used [0x00000000eab00000,0x00000000ecb00000,0x00000000ecb00000)
  from space 2560K, 99% used [0x00000000ecb00000,0x00000000ecd7b540,0x00000000ecd80000)
  to   space 2560K, 0% used [0x00000000eed80000,0x00000000eed80000,0x00000000ef000000)
 ParOldGen       total 44032K, used 9632K [0x00000000c0000000, 0x00000000c2b00000, 0x00000000eab00000)
  object space 44032K, 21% used [0x00000000c0000000,0x00000000c0968098,0x00000000c2b00000)
 Metaspace       used 5914K, capacity 7088K, committed 7296K, reserved 1056768K
  class space    used 560K, capacity 616K, committed 640K, reserved 1048576K
Event: 17.589 GC heap after
Heap after GC invocations=4 (full 0):
 PSYoungGen      total 68096K, used 2543K [0x00000000eab00000, 0x00000000ef000000, 0x0000000100000000)
  eden space 65536K, 0% used [0x00000000eab00000,0x00000000eab00000,0x00000000eeb00000)
  from space 2560K, 99% used [0x00000000eed80000,0x00000000eeffbc30,0x00000000ef000000)
  to   space 2560K, 0% used [0x00000000eeb00000,0x00000000eeb00000,0x00000000eed80000)
 ParOldGen       total 44032K, used 14732K [0x00000000c0000000, 0x00000000c2b00000, 0x00000000eab00000)
  object space 44032K, 33% used [0x00000000c0000000,0x00000000c0e630e0,0x00000000c2b00000)
 Metaspace       used 5914K, capacity 7088K, committed 7296K, reserved 1056768K
  class space    used 560K, capacity 616K, committed 640K, reserved 1048576K
}
Event: 23.771 GC heap before
{Heap before GC invocations=5 (full 0):
 PSYoungGen      total 68096K, used 68079K [0x00000000eab00000, 0x00000000ef000000, 0x0000000100000000)
  eden space 65536K, 100% used [0x00000000eab00000,0x00000000eeb00000,0x00000000eeb00000)
  from space 2560K, 99% used [0x00000000eed80000,0x00000000eeffbc30,0x00000000ef000000)
  to   space 2560K, 0% used [0x00000000eeb00000,0x00000000eeb00000,0x00000000eed80000)
 ParOldGen       total 44032K, used 14732K [0x00000000c0000000, 0x00000000c2b00000, 0x00000000eab00000)
  object space 44032K, 33% used [0x00000000c0000000,0x00000000c0e630e0,0x00000000c2b00000)
 Metaspace       used 6042K, capacity 7088K, committed 7296K, reserved 1056768K
  class space    used 579K, capacity 616K, committed 640K, reserved 1048576K
Event: 23.966 GC heap after
Heap after GC invocations=5 (full 0):
 PSYoungGen      total 68096K, used 2531K [0x00000000eab00000, 0x00000000f4500000, 0x0000000100000000)
  eden space 65536K, 0% used [0x00000000eab00000,0x00000000eab00000,0x00000000eeb00000)
  from space 2560K, 98% used [0x00000000eeb00000,0x00000000eed78c80,0x00000000eed80000)
  to   space 13312K, 0% used [0x00000000f3800000,0x00000000f3800000,0x00000000f4500000)
 ParOldGen       total 44032K, used 25084K [0x00000000c0000000, 0x00000000c2b00000, 0x00000000eab00000)
  object space 44032K, 56% used [0x00000000c0000000,0x00000000c187f060,0x00000000c2b00000)
 Metaspace       used 6042K, capacity 7088K, committed 7296K, reserved 1056768K
  class space    used 579K, capacity 616K, committed 640K, reserved 1048576K
}
Event: 27.435 GC heap before
{Heap before GC invocations=6 (full 0):
 PSYoungGen      total 68096K, used 68067K [0x00000000eab00000, 0x00000000f4500000, 0x0000000100000000)
  eden space 65536K, 100% used [0x00000000eab00000,0x00000000eeb00000,0x00000000eeb00000)
  from space 2560K, 98% used [0x00000000eeb00000,0x00000000eed78c80,0x00000000eed80000)
  to   space 13312K, 0% used [0x00000000f3800000,0x00000000f3800000,0x00000000f4500000)
 ParOldGen       total 44032K, used 25084K [0x00000000c0000000, 0x00000000c2b00000, 0x00000000eab00000)
  object space 44032K, 56% used [0x00000000c0000000,0x00000000c187f060,0x00000000c2b00000)
 Metaspace       used 6094K, capacity 7152K, committed 7296K, reserved 1056768K
  class space    used 579K, capacity 616K, committed 640K, reserved 1048576K
Event: 27.534 GC heap after
Heap after GC invocations=6 (full 0):
 PSYoungGen      total 141824K, used 13192K [0x00000000eab00000, 0x00000000f4a00000, 0x0000000100000000)
  eden space 128512K, 0% used [0x00000000eab00000,0x00000000eab00000,0x00000000f2880000)
  from space 13312K, 99% used [0x00000000f3800000,0x00000000f44e20f0,0x00000000f4500000)
  to   space 15872K, 0% used [0x00000000f2880000,0x00000000f2880000,0x00000000f3800000)
 ParOldGen       total 44032K, used 25084K [0x00000000c0000000, 0x00000000c2b00000, 0x00000000eab00000)
  object space 44032K, 56% used [0x00000000c0000000,0x00000000c187f060,0x00000000c2b00000)
 Metaspace       used 6094K, capacity 7152K, committed 7296K, reserved 1056768K
  class space    used 579K, capacity 616K, committed 640K, reserved 1048576K
}

Deoptimization events (10 events):
Event: 29.982 Thread 0x0000000002db1000 Uncommon trap: reason=class_check action=maybe_recompile pc=0x00000000033d72a0 method=java.util.Arrays.hashCode([Ljava/lang/Object;)I @ 43
Event: 29.983 Thread 0x0000000002db1000 Uncommon trap: reason=class_check action=maybe_recompile pc=0x00000000033d6d00 method=java.util.Arrays.hashCode([Ljava/lang/Object;)I @ 43
Event: 31.291 Thread 0x0000000002db1000 Uncommon trap: reason=speculate_class_check action=maybe_recompile pc=0x0000000003318704 method=com.android.dx.util.FixedSizeList.equals(Ljava/lang/Object;)Z @ 25
Event: 31.359 Thread 0x0000000002db1000 Uncommon trap: reason=speculate_class_check action=maybe_recompile pc=0x0000000003318704 method=com.android.dx.util.FixedSizeList.equals(Ljava/lang/Object;)Z @ 25
Event: 31.359 Thread 0x0000000002db1000 Uncommon trap: reason=class_check action=maybe_recompile pc=0x00000000033126f8 method=java.util.Arrays.equals([Ljava/lang/Object;[Ljava/lang/Object;)Z @ 62
Event: 31.360 Thread 0x0000000002db1000 Uncommon trap: reason=speculate_class_check action=maybe_recompile pc=0x0000000003318704 method=com.android.dx.util.FixedSizeList.equals(Ljava/lang/Object;)Z @ 25
Event: 31.360 Thread 0x0000000002db1000 Uncommon trap: reason=class_check action=maybe_recompile pc=0x00000000033126f8 method=java.util.Arrays.equals([Ljava/lang/Object;[Ljava/lang/Object;)Z @ 62
Event: 31.360 Thread 0x0000000002db1000 Uncommon trap: reason=speculate_class_check action=maybe_recompile pc=0x0000000003318704 method=com.android.dx.util.FixedSizeList.equals(Ljava/lang/Object;)Z @ 25
Event: 31.360 Thread 0x0000000002db1000 Uncommon trap: reason=class_check action=maybe_recompile pc=0x00000000033126f8 method=java.util.Arrays.equals([Ljava/lang/Object;[Ljava/lang/Object;)Z @ 62
Event: 31.361 Thread 0x0000000002db1000 Uncommon trap: reason=class_check action=maybe_recompile pc=0x00000000033126f8 method=java.util.Arrays.equals([Ljava/lang/Object;[Ljava/lang/Object;)Z @ 62

Internal exceptions (10 events):
Event: 31.243 Thread 0x0000000002db1000 Exception <a 'java/security/PrivilegedActionException'> (0x00000000eef59a68) thrown at [D:\re\workspace\8-2-build-windows-amd64-cygwin\jdk8u25\1677\hotspot\src\share\vm\prims\jvm.cpp, line 1312]
Event: 31.245 Thread 0x0000000002db1000 Exception <a 'java/security/PrivilegedActionException'> (0x00000000eef5eb70) thrown at [D:\re\workspace\8-2-build-windows-amd64-cygwin\jdk8u25\1677\hotspot\src\share\vm\prims\jvm.cpp, line 1312]
Event: 31.246 Thread 0x0000000002db1000 Exception <a 'java/security/PrivilegedActionException'> (0x00000000eef65040) thrown at [D:\re\workspace\8-2-build-windows-amd64-cygwin\jdk8u25\1677\hotspot\src\share\vm\prims\jvm.cpp, line 1312]
Event: 31.247 Thread 0x0000000002db1000 Exception <a 'java/security/PrivilegedActionException'> (0x00000000eef67ec8) thrown at [D:\re\workspace\8-2-build-windows-amd64-cygwin\jdk8u25\1677\hotspot\src\share\vm\prims\jvm.cpp, line 1312]
Event: 31.248 Thread 0x0000000002db1000 Exception <a 'java/security/PrivilegedActionException'> (0x00000000eef6cc60) thrown at [D:\re\workspace\8-2-build-windows-amd64-cygwin\jdk8u25\1677\hotspot\src\share\vm\prims\jvm.cpp, line 1312]
Event: 31.249 Thread 0x0000000002db1000 Exception <a 'java/security/PrivilegedActionException'> (0x00000000eef71280) thrown at [D:\re\workspace\8-2-build-windows-amd64-cygwin\jdk8u25\1677\hotspot\src\share\vm\prims\jvm.cpp, line 1312]
Event: 31.290 Thread 0x0000000002db1000 Exception <a 'java/security/PrivilegedActionException'> (0x00000000eef81958) thrown at [D:\re\workspace\8-2-build-windows-amd64-cygwin\jdk8u25\1677\hotspot\src\share\vm\prims\jvm.cpp, line 1312]
Event: 31.291 Thread 0x0000000002db1000 Exception <a 'java/security/PrivilegedActionException'> (0x00000000eef84848) thrown at [D:\re\workspace\8-2-build-windows-amd64-cygwin\jdk8u25\1677\hotspot\src\share\vm\prims\jvm.cpp, line 1312]
Event: 31.293 Thread 0x0000000002db1000 Exception <a 'java/security/PrivilegedActionException'> (0x00000000eef87918) thrown at [D:\re\workspace\8-2-build-windows-amd64-cygwin\jdk8u25\1677\hotspot\src\share\vm\prims\jvm.cpp, line 1312]
Event: 31.308 Thread 0x0000000002db1000 Exception <a 'java/security/PrivilegedActionException'> (0x00000000eef98a70) thrown at [D:\re\workspace\8-2-build-windows-amd64-cygwin\jdk8u25\1677\hotspot\src\share\vm\prims\jvm.cpp, line 1312]

Events (10 events):
Event: 31.360 Thread 0x0000000002db1000 Uncommon trap: trap_request=0xffffffde fr.pc=0x00000000033126f8
Event: 31.360 Thread 0x0000000002db1000 DEOPT PACKING pc=0x00000000033126f8 sp=0x0000000002a8eb30
Event: 31.361 Thread 0x0000000002db1000 DEOPT UNPACKING pc=0x0000000002f6556a sp=0x0000000002a8ead0 mode 2
Event: 31.361 Thread 0x0000000002db1000 Uncommon trap: trap_request=0xffffffde fr.pc=0x00000000033126f8
Event: 31.361 Thread 0x0000000002db1000 DEOPT PACKING pc=0x00000000033126f8 sp=0x0000000002a8eb30
Event: 31.361 Thread 0x0000000002db1000 DEOPT UNPACKING pc=0x0000000002f6556a sp=0x0000000002a8ead0 mode 2
Event: 31.654 Thread 0x0000000002db1000 DEOPT PACKING pc=0x0000000003137761 sp=0x0000000002a8eb80
Event: 31.654 Thread 0x0000000002db1000 DEOPT UNPACKING pc=0x0000000002f675bf sp=0x0000000002a8e8f8 mode 0
Event: 31.700 Thread 0x0000000002db1000 DEOPT PACKING pc=0x000000000319e7f3 sp=0x0000000002a8ece0
Event: 31.700 Thread 0x0000000002db1000 DEOPT UNPACKING pc=0x0000000002f675bf sp=0x0000000002a8ea30 mode 0


Dynamic libraries:
0x00007ff72ac70000 - 0x00007ff72aca4000 	C:\Program Files\Java\jdk1.8.0_25\bin\java.exe
0x00007fffdb3b0000 - 0x00007fffdb55c000 	C:\Windows\SYSTEM32\ntdll.dll
0x00007fffdaed0000 - 0x00007fffdb00e000 	C:\Windows\system32\KERNEL32.DLL
0x00007fffd85d0000 - 0x00007fffd86e5000 	C:\Windows\system32\KERNELBASE.dll
0x00007fffd70a0000 - 0x00007fffd712e000 	C:\Windows\system32\apphelp.dll
0x00007fffc20e0000 - 0x00007fffc2133000 	C:\Windows\AppPatch\AppPatch64\AcGenral.DLL
0x00007fffd9350000 - 0x00007fffd93fa000 	C:\Windows\system32\msvcrt.dll
0x00007fffd83a0000 - 0x00007fffd83ce000 	C:\Windows\SYSTEM32\SspiCli.dll
0x00007fffdb020000 - 0x00007fffdb074000 	C:\Windows\system32\SHLWAPI.dll
0x00007fffdb080000 - 0x00007fffdb1f7000 	C:\Windows\system32\USER32.dll
0x00007fffd8a30000 - 0x00007fffd8bc4000 	C:\Windows\system32\ole32.dll
0x00007fffd96e0000 - 0x00007fffdabf9000 	C:\Windows\system32\SHELL32.dll
0x00007fffd7ad0000 - 0x00007fffd7af1000 	C:\Windows\SYSTEM32\USERENV.dll
0x00007fffd9260000 - 0x00007fffd930a000 	C:\Windows\system32\ADVAPI32.dll
0x00007fffc77a0000 - 0x00007fffc77be000 	C:\Windows\SYSTEM32\MPR.dll
0x00007fffdac60000 - 0x00007fffdada1000 	C:\Windows\system32\RPCRT4.dll
0x00007fffdac00000 - 0x00007fffdac59000 	C:\Windows\SYSTEM32\sechost.dll
0x00007fffd94c0000 - 0x00007fffd96d1000 	C:\Windows\SYSTEM32\combase.dll
0x00007fffd8bd0000 - 0x00007fffd8d21000 	C:\Windows\system32\GDI32.dll
0x00007fffd8500000 - 0x00007fffd8515000 	C:\Windows\SYSTEM32\profapi.dll
0x00007fffd68c0000 - 0x00007fffd6972000 	C:\Windows\SYSTEM32\SHCORE.dll
0x00007fffd9310000 - 0x00007fffd9346000 	C:\Windows\system32\IMM32.DLL
0x00007fffd8f80000 - 0x00007fffd90d3000 	C:\Windows\system32\MSCTF.dll
0x00007fffd5d10000 - 0x00007fffd5f8b000 	C:\Windows\WinSxS\amd64_microsoft.windows.common-controls_6595b64144ccf1df_6.0.9600.17415_none_6240486fecbd8abb\COMCTL32.dll
0x00000000722c0000 - 0x0000000072392000 	C:\Program Files\Java\jdk1.8.0_25\jre\bin\msvcr100.dll
0x0000000072740000 - 0x0000000072f9a000 	C:\Program Files\Java\jdk1.8.0_25\jre\bin\server\jvm.dll
0x00007fffcf810000 - 0x00007fffcf819000 	C:\Windows\SYSTEM32\WSOCK32.dll
0x00007fffd36c0000 - 0x00007fffd36e2000 	C:\Windows\SYSTEM32\WINMM.dll
0x00007fffdb010000 - 0x00007fffdb017000 	C:\Windows\system32\PSAPI.DLL
0x00007fffd8d40000 - 0x00007fffd8d9a000 	C:\Windows\system32\WS2_32.dll
0x00007fffd3690000 - 0x00007fffd36ba000 	C:\Windows\SYSTEM32\WINMMBASE.dll
0x00007fffd9220000 - 0x00007fffd9229000 	C:\Windows\system32\NSI.dll
0x00007fffd86f0000 - 0x00007fffd873f000 	C:\Windows\SYSTEM32\cfgmgr32.dll
0x00007fffd72f0000 - 0x00007fffd7318000 	C:\Windows\SYSTEM32\DEVOBJ.dll
0x0000000072730000 - 0x000000007273f000 	C:\Program Files\Java\jdk1.8.0_25\jre\bin\verify.dll
0x0000000072700000 - 0x0000000072728000 	C:\Program Files\Java\jdk1.8.0_25\jre\bin\java.dll
0x00000000726e0000 - 0x00000000726f6000 	C:\Program Files\Java\jdk1.8.0_25\jre\bin\zip.dll

VM Arguments:
jvm_args: -Xmx1024M -Dfile.encoding=UTF-8 -Duser.country=KR -Duser.language=ko -Duser.variant 
java_command: com.android.dx.command.Main --dex --output C:\Android\project\GroupManager\app\build\intermediates\pre-dexed\debug\classes-a36e798b2f6de7ef3c1dfccfdcc5fbd557690676.jar C:\Android\project\GroupManager\app\build\intermediates\exploded-aar\com.android.support\appcompat-v7\22.2.0\jars\classes.jar
java_class_path (initial): C:\Android\android-sdk\build-tools\22.0.1\lib\dx.jar
Launcher Type: SUN_STANDARD

Environment Variables:
JAVA_HOME=C:\Program Files\Java\jdk1.8.0_25
CLASSPATH=.;C:\Program Files\Java\jdk1.8.0_25\bin;
PATH=.;C:\ProgramData\Oracle\Java\javapath;C:\Program Files\Java\jdk1.8.0_25\bin;C:\Program Files (x86)\Common Files\Adobe\AGL;C:\windows\system32;C:\Android\android-sdk\platform-tools;C:\Program Files (x86)\MySQL\MySQL Server 5.6\bin;C:\Program Files\Intel\WiFi\bin\;C:\Program Files\Common Files\Intel\WirelessCommon\
USERNAME=Kim
OS=Windows_NT
PROCESSOR_IDENTIFIER=Intel64 Family 6 Model 69 Stepping 1, GenuineIntel



---------------  S Y S T E M  ---------------

OS: Windows 8.1 , 64 bit Build 9600 

CPU:total 4 (2 cores per cpu, 2 threads per core) family 6 model 69 stepping 1, cmov, cx8, fxsr, mmx, sse, sse2, sse3, ssse3, sse4.1, sse4.2, popcnt, avx, avx2, aes, clmul, erms, lzcnt, ht, tsc, tscinvbit, bmi1, bmi2

Memory: 4k page, physical 4099872k(229704k free), swap 16682784k(2024k free)

vm_info: Java HotSpot(TM) 64-Bit Server VM (25.25-b02) for windows-amd64 JRE (1.8.0_25-b18), built on Oct  7 2014 14:25:37 by "java_re" with MS VC++ 10.0 (VS2010)

time: Wed Dec 23 00:42:01 2015
elapsed time: 31 seconds (0d 0h 0m 31s)

