#
# There is insufficient memory for the Java Runtime Environment to continue.
# Native memory allocation (malloc) failed to allocate 137936 bytes for Chunk::new
# Possible reasons:
#   The system is out of physical RAM or swap space
#   In 32 bit mode, the process size limit was hit
# Possible solutions:
#   Reduce memory load on the system
#   Increase physical memory or swap space
#   Check if swap backing store is full
#   Use 64 bit Java on a 64 bit OS
#   Decrease Java heap size (-Xmx/-Xms)
#   Decrease number of Java threads
#   Decrease Java thread stack sizes (-Xss)
#   Set larger code cache with -XX:ReservedCodeCacheSize=
# This output file may be truncated or incomplete.
#
#  Out of Memory Error (allocation.cpp:390), pid=35024, tid=5972
#
# JRE version: Java(TM) SE Runtime Environment (8.0_25-b18) (build 1.8.0_25-b18)
# Java VM: Java HotSpot(TM) 64-Bit Server VM (25.25-b02 mixed mode windows-amd64 compressed oops)
# Failed to write core dump. Minidumps are not enabled by default on client versions of Windows
#

---------------  T H R E A D  ---------------

Current thread (0x00000000157ac000):  JavaThread "C2 CompilerThread1" daemon [_thread_in_native, id=5972, stack(0x0000000016db0000,0x0000000016eb0000)]

Stack: [0x0000000016db0000,0x0000000016eb0000]
Native frames: (J=compiled Java code, j=interpreted, Vv=VM code, C=native code)
V  [jvm.dll+0x31667a]
V  [jvm.dll+0x267073]
V  [jvm.dll+0x267cb3]
V  [jvm.dll+0x25f5b5]
V  [jvm.dll+0xbf165]
V  [jvm.dll+0xbf60c]
V  [jvm.dll+0x478fbc]
V  [jvm.dll+0x4463eb]
V  [jvm.dll+0x45130e]
V  [jvm.dll+0x4538f8]
V  [jvm.dll+0x437372]
V  [jvm.dll+0x98a02]
V  [jvm.dll+0x991f3]
V  [jvm.dll+0x22bde4]
V  [jvm.dll+0x2852fa]
C  [msvcr100.dll+0x21d9f]
C  [msvcr100.dll+0x21e3b]
C  [KERNEL32.DLL+0x13d2]
C  [ntdll.dll+0x703c4]


Current CompileTask:
C2:  31699 2040       4       com.android.dx.ssa.back.SsaToRop::moveParametersToHighRegisters (88 bytes)


---------------  P R O C E S S  ---------------

Java Threads: ( => current thread )
  0x0000000016f20800 JavaThread "Service Thread" daemon [_thread_blocked, id=8696, stack(0x00000000173b0000,0x00000000174b0000)]
  0x0000000016ec7000 JavaThread "C1 CompilerThread2" daemon [_thread_in_native, id=39316, stack(0x00000000172b0000,0x00000000173b0000)]
=>0x00000000157ac000 JavaThread "C2 CompilerThread1" daemon [_thread_in_native, id=5972, stack(0x0000000016db0000,0x0000000016eb0000)]
  0x00000000157a9000 JavaThread "C2 CompilerThread0" daemon [_thread_blocked, id=22652, stack(0x0000000016cb0000,0x0000000016db0000)]
  0x000000001575d000 JavaThread "Attach Listener" daemon [_thread_blocked, id=31668, stack(0x0000000016bb0000,0x0000000016cb0000)]
  0x0000000015747000 JavaThread "Signal Dispatcher" daemon [_thread_blocked, id=42160, stack(0x0000000016ab0000,0x0000000016bb0000)]
  0x0000000003070800 JavaThread "Finalizer" daemon [_thread_blocked, id=39164, stack(0x00000000169b0000,0x0000000016ab0000)]
  0x000000000306d000 JavaThread "Reference Handler" daemon [_thread_blocked, id=6964, stack(0x00000000168b0000,0x00000000169b0000)]
  0x0000000002f81000 JavaThread "main" [_thread_in_Java, id=25584, stack(0x0000000002e80000,0x0000000002f80000)]

Other Threads:
  0x0000000015716800 VMThread [stack: 0x00000000167b0000,0x00000000168b0000] [id=9744]
  0x0000000016f23000 WatcherThread [stack: 0x00000000174b0000,0x00000000175b0000] [id=40776]

VM state:not at safepoint (normal execution)

VM Mutex/Monitor currently owned by a thread: None

Heap:
 PSYoungGen      total 54784K, used 34014K [0x00000000eab00000, 0x00000000f4a00000, 0x0000000100000000)
  eden space 52224K, 65% used [0x00000000eab00000,0x00000000ecc37b00,0x00000000ede00000)
  from space 2560K, 0% used [0x00000000eed80000,0x00000000eed80000,0x00000000ef000000)
  to   space 15872K, 0% used [0x00000000ede00000,0x00000000ede00000,0x00000000eed80000)
 ParOldGen       total 75264K, used 35662K [0x00000000c0000000, 0x00000000c4980000, 0x00000000eab00000)
  object space 75264K, 47% used [0x00000000c0000000,0x00000000c22d3ae0,0x00000000c4980000)
 Metaspace       used 6022K, capacity 7152K, committed 7296K, reserved 1056768K
  class space    used 561K, capacity 616K, committed 640K, reserved 1048576K

Card table byte_map: [0x0000000012440000,0x0000000012650000] byte_map_base: 0x0000000011e40000

Marking Bits: (ParMarkBitMap*) 0x0000000072f1d490
 Begin Bits: [0x0000000012bb0000, 0x0000000013bb0000)
 End Bits:   [0x0000000013bb0000, 0x0000000014bb0000)

Polling page: 0x0000000002a40000

CodeCache: size=245760Kb used=8384Kb max_used=9789Kb free=237375Kb
 bounds [0x0000000003080000, 0x0000000003a20000, 0x0000000012080000]
 total_blobs=1960 nmethods=1698 adapters=176
 compilation: enabled

Compilation events (10 events):
Event: 31.214 Thread 0x0000000016ec7000 2037       3       com.android.dx.cf.attrib.AttSourceFile::byteLength (3 bytes)
Event: 31.214 Thread 0x0000000016ec7000 nmethod 2037 0x0000000003295310 code [0x0000000003295460, 0x00000000032955b0]
Event: 31.214 Thread 0x0000000016ec7000 2034   !   3       com.android.dx.dex.file.ClassDefsSection::add (75 bytes)
Event: 31.215 Thread 0x0000000016ec7000 nmethod 2034 0x0000000003450b50 code [0x0000000003450da0, 0x0000000003451cf8]
Event: 31.224 Thread 0x00000000157ac000 2038       4       com.android.dx.rop.cst.CstString::stringToUtf8Bytes (175 bytes)
Event: 31.239 Thread 0x00000000157ac000 nmethod 2038 0x000000000337d550 code [0x000000000337d6a0, 0x000000000337dd98]
Event: 31.255 Thread 0x00000000157a9000 2039       4       com.android.dx.ssa.SsaRenamer::<init> (100 bytes)
Event: 31.262 Thread 0x00000000157ac000 2040       4       com.android.dx.ssa.back.SsaToRop::moveParametersToHighRegisters (88 bytes)
Event: 31.264 Thread 0x00000000157a9000 nmethod 2039 0x000000000325a790 code [0x000000000325a900, 0x000000000325ad28]
Event: 31.284 Thread 0x0000000016ec7000 2041   !   3       com.android.dx.cf.direct.DirectClassFile::parse (75 bytes)

GC Heap History (10 events):
Event: 13.850 GC heap before
{Heap before GC invocations=3 (full 0):
 PSYoungGen      total 35328K, used 35328K [0x00000000eab00000, 0x00000000ed000000, 0x0000000100000000)
  eden space 32768K, 100% used [0x00000000eab00000,0x00000000ecb00000,0x00000000ecb00000)
  from space 2560K, 100% used [0x00000000ecd80000,0x00000000ed000000,0x00000000ed000000)
  to   space 2560K, 0% used [0x00000000ecb00000,0x00000000ecb00000,0x00000000ecd80000)
 ParOldGen       total 44032K, used 4334K [0x00000000c0000000, 0x00000000c2b00000, 0x00000000eab00000)
  object space 44032K, 9% used [0x00000000c0000000,0x00000000c043b880,0x00000000c2b00000)
 Metaspace       used 5917K, capacity 7088K, committed 7296K, reserved 1056768K
  class space    used 559K, capacity 616K, committed 640K, reserved 1048576K
Event: 14.017 GC heap after
Heap after GC invocations=3 (full 0):
 PSYoungGen      total 35328K, used 2560K [0x00000000eab00000, 0x00000000ef000000, 0x0000000100000000)
  eden space 32768K, 0% used [0x00000000eab00000,0x00000000eab00000,0x00000000ecb00000)
  from space 2560K, 100% used [0x00000000ecb00000,0x00000000ecd80000,0x00000000ecd80000)
  to   space 2560K, 0% used [0x00000000eed80000,0x00000000eed80000,0x00000000ef000000)
 ParOldGen       total 44032K, used 9598K [0x00000000c0000000, 0x00000000c2b00000, 0x00000000eab00000)
  object space 44032K, 21% used [0x00000000c0000000,0x00000000c095fb38,0x00000000c2b00000)
 Metaspace       used 5917K, capacity 7088K, committed 7296K, reserved 1056768K
  class space    used 559K, capacity 616K, committed 640K, reserved 1048576K
}
Event: 17.403 GC heap before
{Heap before GC invocations=4 (full 0):
 PSYoungGen      total 35328K, used 35328K [0x00000000eab00000, 0x00000000ef000000, 0x0000000100000000)
  eden space 32768K, 100% used [0x00000000eab00000,0x00000000ecb00000,0x00000000ecb00000)
  from space 2560K, 100% used [0x00000000ecb00000,0x00000000ecd80000,0x00000000ecd80000)
  to   space 2560K, 0% used [0x00000000eed80000,0x00000000eed80000,0x00000000ef000000)
 ParOldGen       total 44032K, used 9598K [0x00000000c0000000, 0x00000000c2b00000, 0x00000000eab00000)
  object space 44032K, 21% used [0x00000000c0000000,0x00000000c095fb38,0x00000000c2b00000)
 Metaspace       used 5928K, capacity 7088K, committed 7296K, reserved 1056768K
  class space    used 559K, capacity 616K, committed 640K, reserved 1048576K
Event: 18.082 GC heap after
Heap after GC invocations=4 (full 0):
 PSYoungGen      total 68096K, used 2544K [0x00000000eab00000, 0x00000000ef000000, 0x0000000100000000)
  eden space 65536K, 0% used [0x00000000eab00000,0x00000000eab00000,0x00000000eeb00000)
  from space 2560K, 99% used [0x00000000eed80000,0x00000000eeffc218,0x00000000ef000000)
  to   space 2560K, 0% used [0x00000000eeb00000,0x00000000eeb00000,0x00000000eed80000)
 ParOldGen       total 44032K, used 13960K [0x00000000c0000000, 0x00000000c2b00000, 0x00000000eab00000)
  object space 44032K, 31% used [0x00000000c0000000,0x00000000c0da21f8,0x00000000c2b00000)
 Metaspace       used 5928K, capacity 7088K, committed 7296K, reserved 1056768K
  class space    used 559K, capacity 616K, committed 640K, reserved 1048576K
}
Event: 23.829 GC heap before
{Heap before GC invocations=5 (full 0):
 PSYoungGen      total 68096K, used 68080K [0x00000000eab00000, 0x00000000ef000000, 0x0000000100000000)
  eden space 65536K, 100% used [0x00000000eab00000,0x00000000eeb00000,0x00000000eeb00000)
  from space 2560K, 99% used [0x00000000eed80000,0x00000000eeffc218,0x00000000ef000000)
  to   space 2560K, 0% used [0x00000000eeb00000,0x00000000eeb00000,0x00000000eed80000)
 ParOldGen       total 44032K, used 13960K [0x00000000c0000000, 0x00000000c2b00000, 0x00000000eab00000)
  object space 44032K, 31% used [0x00000000c0000000,0x00000000c0da21f8,0x00000000c2b00000)
 Metaspace       used 6006K, capacity 7152K, committed 7296K, reserved 1056768K
  class space    used 561K, capacity 616K, committed 640K, reserved 1048576K
Event: 24.307 GC heap after
Heap after GC invocations=5 (full 0):
 PSYoungGen      total 68096K, used 2551K [0x00000000eab00000, 0x00000000ef000000, 0x0000000100000000)
  eden space 65536K, 0% used [0x00000000eab00000,0x00000000eab00000,0x00000000eeb00000)
  from space 2560K, 99% used [0x00000000eeb00000,0x00000000eed7dd30,0x00000000eed80000)
  to   space 2560K, 0% used [0x00000000eed80000,0x00000000eed80000,0x00000000ef000000)
 ParOldGen       total 44032K, used 25000K [0x00000000c0000000, 0x00000000c2b00000, 0x00000000eab00000)
  object space 44032K, 56% used [0x00000000c0000000,0x00000000c186a290,0x00000000c2b00000)
 Metaspace       used 6006K, capacity 7152K, committed 7296K, reserved 1056768K
  class space    used 561K, capacity 616K, committed 640K, reserved 1048576K
}
Event: 27.784 GC heap before
{Heap before GC invocations=6 (full 0):
 PSYoungGen      total 68096K, used 68087K [0x00000000eab00000, 0x00000000ef000000, 0x0000000100000000)
  eden space 65536K, 100% used [0x00000000eab00000,0x00000000eeb00000,0x00000000eeb00000)
  from space 2560K, 99% used [0x00000000eeb00000,0x00000000eed7dd30,0x00000000eed80000)
  to   space 2560K, 0% used [0x00000000eed80000,0x00000000eed80000,0x00000000ef000000)
 ParOldGen       total 44032K, used 25000K [0x00000000c0000000, 0x00000000c2b00000, 0x00000000eab00000)
  object space 44032K, 56% used [0x00000000c0000000,0x00000000c186a290,0x00000000c2b00000)
 Metaspace       used 6018K, capacity 7152K, committed 7296K, reserved 1056768K
  class space    used 561K, capacity 616K, committed 640K, reserved 1048576K
Event: 28.072 GC heap after
Heap after GC invocations=6 (full 0):
 PSYoungGen      total 54784K, used 2545K [0x00000000eab00000, 0x00000000f4a00000, 0x0000000100000000)
  eden space 52224K, 0% used [0x00000000eab00000,0x00000000eab00000,0x00000000ede00000)
  from space 2560K, 99% used [0x00000000eed80000,0x00000000eeffc678,0x00000000ef000000)
  to   space 15872K, 0% used [0x00000000ede00000,0x00000000ede00000,0x00000000eed80000)
 ParOldGen       total 44032K, used 36182K [0x00000000c0000000, 0x00000000c2b00000, 0x00000000eab00000)
  object space 44032K, 82% used [0x00000000c0000000,0x00000000c2355ab8,0x00000000c2b00000)
 Metaspace       used 6018K, capacity 7152K, committed 7296K, reserved 1056768K
  class space    used 561K, capacity 616K, committed 640K, reserved 1048576K
}
Event: 28.072 GC heap before
{Heap before GC invocations=7 (full 1):
 PSYoungGen      total 54784K, used 2545K [0x00000000eab00000, 0x00000000f4a00000, 0x0000000100000000)
  eden space 52224K, 0% used [0x00000000eab00000,0x00000000eab00000,0x00000000ede00000)
  from space 2560K, 99% used [0x00000000eed80000,0x00000000eeffc678,0x00000000ef000000)
  to   space 15872K, 0% used [0x00000000ede00000,0x00000000ede00000,0x00000000eed80000)
 ParOldGen       total 44032K, used 36182K [0x00000000c0000000, 0x00000000c2b00000, 0x00000000eab00000)
  object space 44032K, 82% used [0x00000000c0000000,0x00000000c2355ab8,0x00000000c2b00000)
 Metaspace       used 6018K, capacity 7152K, committed 7296K, reserved 1056768K
  class space    used 561K, capacity 616K, committed 640K, reserved 1048576K
Event: 31.052 GC heap after
Heap after GC invocations=7 (full 1):
 PSYoungGen      total 54784K, used 0K [0x00000000eab00000, 0x00000000f4a00000, 0x0000000100000000)
  eden space 52224K, 0% used [0x00000000eab00000,0x00000000eab00000,0x00000000ede00000)
  from space 2560K, 0% used [0x00000000eed80000,0x00000000eed80000,0x00000000ef000000)
  to   space 15872K, 0% used [0x00000000ede00000,0x00000000ede00000,0x00000000eed80000)
 ParOldGen       total 75264K, used 35662K [0x00000000c0000000, 0x00000000c4980000, 0x00000000eab00000)
  object space 75264K, 47% used [0x00000000c0000000,0x00000000c22d3ae0,0x00000000c4980000)
 Metaspace       used 6018K, capacity 7152K, committed 7296K, reserved 1056768K
  class space    used 561K, capacity 616K, committed 640K, reserved 1048576K
}

Deoptimization events (10 events):
Event: 24.651 Thread 0x0000000002f81000 Uncommon trap: reason=class_check action=maybe_recompile pc=0x000000000326bf9c method=com.android.dx.cf.code.OneLocalsArray.set(ILcom/android/dx/rop/type/TypeBearer;)V @ 85
Event: 24.857 Thread 0x0000000002f81000 Uncommon trap: reason=bimorphic action=maybe_recompile pc=0x00000000038ac964 method=com.android.dx.cf.code.RopperMachine.run(Lcom/android/dx/cf/code/Frame;II)V @ 310
Event: 24.857 Thread 0x0000000002f81000 Uncommon trap: reason=bimorphic action=maybe_recompile pc=0x00000000038ac964 method=com.android.dx.cf.code.RopperMachine.run(Lcom/android/dx/cf/code/Frame;II)V @ 310
Event: 24.862 Thread 0x0000000002f81000 Uncommon trap: reason=class_check action=maybe_recompile pc=0x000000000326bf9c method=com.android.dx.cf.code.OneLocalsArray.set(ILcom/android/dx/rop/type/TypeBearer;)V @ 85
Event: 25.335 Thread 0x0000000002f81000 Uncommon trap: reason=class_check action=maybe_recompile pc=0x000000000326bf9c method=com.android.dx.cf.code.OneLocalsArray.set(ILcom/android/dx/rop/type/TypeBearer;)V @ 85
Event: 25.335 Thread 0x0000000002f81000 Uncommon trap: reason=class_check action=maybe_recompile pc=0x000000000326bf9c method=com.android.dx.cf.code.OneLocalsArray.set(ILcom/android/dx/rop/type/TypeBearer;)V @ 85
Event: 25.730 Thread 0x0000000002f81000 Uncommon trap: reason=bimorphic action=maybe_recompile pc=0x000000000379124c method=com.android.dx.cf.code.BytecodeArray.parseInstruction(ILcom/android/dx/cf/code/BytecodeArray$Visitor;)I @ 1357
Event: 25.732 Thread 0x0000000002f81000 Uncommon trap: reason=bimorphic action=maybe_recompile pc=0x000000000379124c method=com.android.dx.cf.code.BytecodeArray.parseInstruction(ILcom/android/dx/cf/code/BytecodeArray$Visitor;)I @ 1357
Event: 26.179 Thread 0x0000000002f81000 Uncommon trap: reason=unreached action=reinterpret pc=0x000000000362dccc method=com.android.dx.ssa.MoveParamCombiner$1.visitNonMoveInsn(Lcom/android/dx/ssa/NormalSsaInsn;)V @ 27
Event: 27.571 Thread 0x0000000002f81000 Uncommon trap: reason=unreached action=reinterpret pc=0x0000000003919650 method=com.android.dx.cf.direct.StdAttributeFactory.parse0(Lcom/android/dx/cf/direct/DirectClassFile;ILjava/lang/String;IILcom/android/dx/cf/iface/ParseObserver;)Lcom/android/dx/cf/if;ﬂøç¶8@

Internal exceptions (10 events):
Event: 10.158 Thread 0x0000000002f81000 Exception <a 'java/security/PrivilegedActionException'> (0x00000000ebe38620) thrown at [D:\re\workspace\8-2-build-windows-amd64-cygwin\jdk8u25\1677\hotspot\src\share\vm\prims\jvm.cpp, line 1312]
Event: 12.515 Thread 0x0000000002f81000 Exception <a 'java/security/PrivilegedActionException'> (0x00000000ec60cf58) thrown at [D:\re\workspace\8-2-build-windows-amd64-cygwin\jdk8u25\1677\hotspot\src\share\vm\prims\jvm.cpp, line 1312]
Event: 12.685 Thread 0x0000000002f81000 Exception <a 'java/security/PrivilegedActionException'> (0x00000000ec802e10) thrown at [D:\re\workspace\8-2-build-windows-amd64-cygwin\jdk8u25\1677\hotspot\src\share\vm\prims\jvm.cpp, line 1312]
Event: 14.179 Thread 0x0000000002f81000 Implicit null exception at 0x00000000035b9a62 to 0x00000000035b9b55
Event: 19.711 Thread 0x0000000002f81000 Exception <a 'java/security/PrivilegedActionException'> (0x00000000eb308f08) thrown at [D:\re\workspace\8-2-build-windows-amd64-cygwin\jdk8u25\1677\hotspot\src\share\vm\prims\jvm.cpp, line 1312]
Event: 22.268 Thread 0x0000000002f81000 Exception <a 'java/security/PrivilegedActionException'> (0x00000000ec42b0b8) thrown at [D:\re\workspace\8-2-build-windows-amd64-cygwin\jdk8u25\1677\hotspot\src\share\vm\prims\jvm.cpp, line 1312]
Event: 22.280 Thread 0x0000000002f81000 Exception <a 'java/security/PrivilegedActionException'> (0x00000000ec4c2230) thrown at [D:\re\workspace\8-2-build-windows-amd64-cygwin\jdk8u25\1677\hotspot\src\share\vm\prims\jvm.cpp, line 1312]
Event: 22.351 Thread 0x0000000002f81000 Implicit null exception at 0x0000000003656c87 to 0x000000000365819d
Event: 22.585 Thread 0x0000000002f81000 Implicit null exception at 0x00000000039a7016 to 0x00000000039a8925
Event: 23.324 Thread 0x0000000002f81000 Exception <a 'java/security/PrivilegedActionException'> (0x00000000ee1e6da0) thrown at [D:\re\workspace\8-2-build-windows-amd64-cygwin\jdk8u25\1677\hotspot\src\share\vm\prims\jvm.cpp, line 1312]

Events (10 events):
Event: 25.732 Thread 0x0000000002f81000 DEOPT PACKING pc=0x000000000379124c sp=0x0000000002f7e520
Event: 25.732 Thread 0x0000000002f81000 DEOPT UNPACKING pc=0x00000000030c556a sp=0x0000000002f7e4c0 mode 2
Event: 26.179 Thread 0x0000000002f81000 Uncommon trap: trap_request=0xffffffad fr.pc=0x000000000362dccc
Event: 26.179 Thread 0x0000000002f81000 DEOPT PACKING pc=0x000000000362dccc sp=0x0000000002f7e5f0
Event: 26.179 Thread 0x0000000002f81000 DEOPT UNPACKING pc=0x00000000030c556a sp=0x0000000002f7e548 mode 2
Event: 27.571 Thread 0x0000000002f81000 Uncommon trap: trap_request=0xffffffad fr.pc=0x0000000003919650
Event: 27.571 Thread 0x0000000002f81000 DEOPT PACKING pc=0x0000000003919650 sp=0x0000000002f7e890
Event: 27.571 Thread 0x0000000002f81000 DEOPT UNPACKING pc=0x00000000030c556a sp=0x0000000002f7e848 mode 2
Event: 27.784 Executing VM operation: ParallelGCFailedAllocation
Event: 31.052 Executing VM operation: ParallelGCFailedAllocation done


Dynamic libraries:
0x00007ff72ac70000 - 0x00007ff72aca4000 	C:\Program Files\Java\jdk1.8.0_25\bin\java.exe
0x00007fffdb3b0000 - 0x00007fffdb55c000 	C:\Windows\SYSTEM32\ntdll.dll
0x00007fffdaed0000 - 0x00007fffdb00e000 	C:\Windows\system32\KERNEL32.DLL
0x00007fffd85d0000 - 0x00007fffd86e5000 	C:\Windows\system32\KERNELBASE.dll
0x00007fffd70a0000 - 0x00007fffd712e000 	C:\Windows\system32\apphelp.dll
0x00007fffc20e0000 - 0x00007fffc2133000 	C:\Windows\AppPatch\AppPatch64\AcGenral.DLL
0x00007fffd9350000 - 0x00007fffd93fa000 	C:\Windows\system32\msvcrt.dll
0x00007fffd83a0000 - 0x00007fffd83ce000 	C:\Windows\SYSTEM32\SspiCli.dll
0x00007fffdb020000 - 0x00007fffdb074000 	C:\Windows\system32\SHLWAPI.dll
0x00007fffdb080000 - 0x00007fffdb1f7000 	C:\Windows\system32\USER32.dll
0x00007fffd8a30000 - 0x00007fffd8bc4000 	C:\Windows\system32\ole32.dll
0x00007fffd96e0000 - 0x00007fffdabf9000 	C:\Windows\system32\SHELL32.dll
0x00007fffd7ad0000 - 0x00007fffd7af1000 	C:\Windows\SYSTEM32\USERENV.dll
0x00007fffd9260000 - 0x00007fffd930a000 	C:\Windows\system32\ADVAPI32.dll
0x00007fffc77a0000 - 0x00007fffc77be000 	C:\Windows\SYSTEM32\MPR.dll
0x00007fffdac60000 - 0x00007fffdada1000 	C:\Windows\system32\RPCRT4.dll
0x00007fffdac00000 - 0x00007fffdac59000 	C:\Windows\SYSTEM32\sechost.dll
0x00007fffd94c0000 - 0x00007fffd96d1000 	C:\Windows\SYSTEM32\combase.dll
0x00007fffd8bd0000 - 0x00007fffd8d21000 	C:\Windows\system32\GDI32.dll
0x00007fffd8500000 - 0x00007fffd8515000 	C:\Windows\SYSTEM32\profapi.dll
0x00007fffd68c0000 - 0x00007fffd6972000 	C:\Windows\SYSTEM32\SHCORE.dll
0x00007fffd9310000 - 0x00007fffd9346000 	C:\Windows\system32\IMM32.DLL
0x00007fffd8f80000 - 0x00007fffd90d3000 	C:\Windows\system32\MSCTF.dll
0x00007fffd5d10000 - 0x00007fffd5f8b000 	C:\Windows\WinSxS\amd64_microsoft.windows.common-controls_6595b64144ccf1df_6.0.9600.17415_none_6240486fecbd8abb\COMCTL32.dll
0x00000000722c0000 - 0x0000000072392000 	C:\Program Files\Java\jdk1.8.0_25\jre\bin\msvcr100.dll
0x0000000072740000 - 0x0000000072f9a000 	C:\Program Files\Java\jdk1.8.0_25\jre\bin\server\jvm.dll
0x00007fffcf810000 - 0x00007fffcf819000 	C:\Windows\SYSTEM32\WSOCK32.dll
0x00007fffd36c0000 - 0x00007fffd36e2000 	C:\Windows\SYSTEM32\WINMM.dll
0x00007fffdb010000 - 0x00007fffdb017000 	C:\Windows\system32\PSAPI.DLL
0x00007fffd8d40000 - 0x00007fffd8d9a000 	C:\Windows\system32\WS2_32.dll
0x00007fffd3690000 - 0x00007fffd36ba000 	C:\Windows\SYSTEM32\WINMMBASE.dll
0x00007fffd9220000 - 0x00007fffd9229000 	C:\Windows\system32\NSI.dll
0x00007fffd86f0000 - 0x00007fffd873f000 	C:\Windows\SYSTEM32\cfgmgr32.dll
0x00007fffd72f0000 - 0x00007fffd7318000 	C:\Windows\SYSTEM32\DEVOBJ.dll
0x0000000072730000 - 0x000000007273f000 	C:\Program Files\Java\jdk1.8.0_25\jre\bin\verify.dll
0x0000000072700000 - 0x0000000072728000 	C:\Program Files\Java\jdk1.8.0_25\jre\bin\java.dll
0x00000000726e0000 - 0x00000000726f6000 	C:\Program Files\Java\jdk1.8.0_25\jre\bin\zip.dll
0x00007fffc8120000 - 0x00007fffc82aa000 	C:\Windows\SYSTEM32\dbghelp.dll

VM Arguments:
jvm_args: -Xmx1024M -Dfile.encoding=UTF-8 -Duser.country=KR -Duser.language=ko -Duser.variant 
java_command: com.android.dx.command.Main --dex --output C:\Android\project\GroupManager\app\build\intermediates\pre-dexed\debug\classes-dbd19f4b8c7a5415209a5d53b9283d9c6ef3d92e.jar C:\Android\project\GroupManager\app\build\intermediates\exploded-aar\com.android.support\support-v4\22.2.0\jars\classes.jar
java_class_path (initial): C:\Android\android-sdk\build-tools\22.0.1\lib\dx.jar
Launcher Type: SUN_STANDARD

Environment Variables:
JAVA_HOME=C:\Program Files\Java\jdk1.8.0_25
CLASSPATH=.;C:\Program Files\Java\jdk1.8.0_25\bin;
PATH=.;C:\ProgramData\Oracle\Java\javapath;C:\Program Files\Java\jdk1.8.0_25\bin;C:\Program Files (x86)\Common Files\Adobe\AGL;C:\windows\system32;C:\Android\android-sdk\platform-tools;C:\Program Files (x86)\MySQL\MySQL Server 5.6\bin;C:\Program Files\Intel\WiFi\bin\;C:\Program Files\Common Files\Intel\WirelessCommon\
USERNAME=Kim
OS=Windows_NT
PROCESSOR_IDENTIFIER=Intel64 Family 6 Model 69 Stepping 1, GenuineIntel



---------------  S Y S T E M  ---------------

OS: Windows 8.1 , 64 bit Build 9600 

CPU:total 4 (2 cores per cpu, 2 threads per core) family 6 model 69 stepping 1, cmov, cx8, fxsr, mmx, sse, sse2, sse3, ssse3, sse4.1, sse4.2, popcnt, avx, avx2, aes, clmul, erms, lzcnt, ht, tsc, tscinvbit, bmi1, bmi2

Memory: 4k page, physical 4099872k(230112k free), swap 16682784k(2080k free)

vm_info: Java HotSpot(TM) 64-Bit Server VM (25.25-b02) for windows-amd64 JRE (1.8.0_25-b18), built on Oct  7 2014 14:25:37 by "java_re" with MS VC++ 10.0 (VS2010)

time: Wed Dec 23 00:42:01 2015
elapsed time: 31 seconds (0d 0h 0m 31s)

